[0.356s] DEBUG:colcon:Command line arguments: ['/usr/bin/colcon', 'build', '--packages-select', 'template']
[0.356s] DEBUG:colcon:Parsed command line arguments: Namespace(log_base=None, log_level=None, verb_name='build', build_base='build', install_base='install', merge_install=False, symlink_install=False, test_result_base=None, continue_on_error=False, executor='parallel', parallel_workers=2, event_handlers=None, ignore_user_meta=False, metas=['./colcon.meta'], base_paths=['.'], packages_ignore=None, packages_ignore_regex=None, paths=None, packages_up_to=None, packages_up_to_regex=None, packages_above=None, packages_above_and_dependencies=None, packages_above_depth=None, packages_select_by_dep=None, packages_skip_by_dep=None, packages_skip_up_to=None, packages_select_build_failed=False, packages_skip_build_finished=False, packages_select_test_failures=False, packages_skip_test_passed=False, packages_select=['template'], packages_skip=None, packages_select_regex=None, packages_skip_regex=None, packages_start=None, packages_end=None, allow_overriding=[], cmake_args=None, cmake_target=None, cmake_target_skip_unavailable=False, cmake_clean_cache=False, cmake_clean_first=False, cmake_force_configure=False, ament_cmake_args=None, catkin_cmake_args=None, catkin_skip_building_tests=False, verb_parser=<colcon_defaults.argument_parser.defaults.DefaultArgumentsDecorator object at 0x7f7db4bd2fe0>, verb_extension=<colcon_core.verb.build.BuildVerb object at 0x7f7db4bd2a70>, main=<bound method BuildVerb.main of <colcon_core.verb.build.BuildVerb object at 0x7f7db4bd2a70>>)
[0.377s] Level 1:colcon.colcon_core.package_discovery:discover_packages(colcon_meta) check parameters
[0.377s] Level 1:colcon.colcon_core.package_discovery:discover_packages(recursive) check parameters
[0.377s] Level 1:colcon.colcon_core.package_discovery:discover_packages(ignore) check parameters
[0.377s] Level 1:colcon.colcon_core.package_discovery:discover_packages(path) check parameters
[0.377s] Level 1:colcon.colcon_core.package_discovery:discover_packages(colcon_meta) discover
[0.377s] Level 1:colcon.colcon_core.package_discovery:discover_packages(recursive) discover
[0.377s] INFO:colcon.colcon_core.package_discovery:Crawling recursively for packages in '/home/p76124207/Desktop/1031/carAi_Ver_ros_pyTraining'
[0.377s] Level 1:colcon.colcon_core.package_identification:_identify(.) by extensions ['ignore', 'ignore_ament_install']
[0.377s] Level 1:colcon.colcon_core.package_identification:_identify(.) by extension 'ignore'
[0.378s] Level 1:colcon.colcon_core.package_identification:_identify(.) by extension 'ignore_ament_install'
[0.378s] Level 1:colcon.colcon_core.package_identification:_identify(.) by extensions ['colcon_pkg']
[0.378s] Level 1:colcon.colcon_core.package_identification:_identify(.) by extension 'colcon_pkg'
[0.378s] Level 1:colcon.colcon_core.package_identification:_identify(.) by extensions ['colcon_meta']
[0.378s] Level 1:colcon.colcon_core.package_identification:_identify(.) by extension 'colcon_meta'
[0.378s] Level 1:colcon.colcon_core.package_identification:_identify(.) by extensions ['ros']
[0.378s] Level 1:colcon.colcon_core.package_identification:_identify(.) by extension 'ros'
[0.391s] Level 1:colcon.colcon_core.package_identification:_identify(.) by extensions ['cmake', 'python']
[0.391s] Level 1:colcon.colcon_core.package_identification:_identify(.) by extension 'cmake'
[0.391s] Level 1:colcon.colcon_core.package_identification:_identify(.) by extension 'python'
[0.391s] Level 1:colcon.colcon_core.package_identification:_identify(.) by extensions ['python_setup_py']
[0.391s] Level 1:colcon.colcon_core.package_identification:_identify(.) by extension 'python_setup_py'
[0.391s] Level 1:colcon.colcon_core.package_identification:_identify(Model) by extensions ['ignore', 'ignore_ament_install']
[0.391s] Level 1:colcon.colcon_core.package_identification:_identify(Model) by extension 'ignore'
[0.391s] Level 1:colcon.colcon_core.package_identification:_identify(Model) by extension 'ignore_ament_install'
[0.391s] Level 1:colcon.colcon_core.package_identification:_identify(Model) by extensions ['colcon_pkg']
[0.391s] Level 1:colcon.colcon_core.package_identification:_identify(Model) by extension 'colcon_pkg'
[0.391s] Level 1:colcon.colcon_core.package_identification:_identify(Model) by extensions ['colcon_meta']
[0.391s] Level 1:colcon.colcon_core.package_identification:_identify(Model) by extension 'colcon_meta'
[0.391s] Level 1:colcon.colcon_core.package_identification:_identify(Model) by extensions ['ros']
[0.391s] Level 1:colcon.colcon_core.package_identification:_identify(Model) by extension 'ros'
[0.392s] Level 1:colcon.colcon_core.package_identification:_identify(Model) by extensions ['cmake', 'python']
[0.392s] Level 1:colcon.colcon_core.package_identification:_identify(Model) by extension 'cmake'
[0.392s] Level 1:colcon.colcon_core.package_identification:_identify(Model) by extension 'python'
[0.392s] Level 1:colcon.colcon_core.package_identification:_identify(Model) by extensions ['python_setup_py']
[0.392s] Level 1:colcon.colcon_core.package_identification:_identify(Model) by extension 'python_setup_py'
[0.392s] Level 1:colcon.colcon_core.package_identification:_identify(Model/0507_curve_rear_engine_car_new_protocal_local_angularV) by extensions ['ignore', 'ignore_ament_install']
[0.392s] Level 1:colcon.colcon_core.package_identification:_identify(Model/0507_curve_rear_engine_car_new_protocal_local_angularV) by extension 'ignore'
[0.392s] Level 1:colcon.colcon_core.package_identification:_identify(Model/0507_curve_rear_engine_car_new_protocal_local_angularV) by extension 'ignore_ament_install'
[0.392s] Level 1:colcon.colcon_core.package_identification:_identify(Model/0507_curve_rear_engine_car_new_protocal_local_angularV) by extensions ['colcon_pkg']
[0.392s] Level 1:colcon.colcon_core.package_identification:_identify(Model/0507_curve_rear_engine_car_new_protocal_local_angularV) by extension 'colcon_pkg'
[0.392s] Level 1:colcon.colcon_core.package_identification:_identify(Model/0507_curve_rear_engine_car_new_protocal_local_angularV) by extensions ['colcon_meta']
[0.392s] Level 1:colcon.colcon_core.package_identification:_identify(Model/0507_curve_rear_engine_car_new_protocal_local_angularV) by extension 'colcon_meta'
[0.392s] Level 1:colcon.colcon_core.package_identification:_identify(Model/0507_curve_rear_engine_car_new_protocal_local_angularV) by extensions ['ros']
[0.392s] Level 1:colcon.colcon_core.package_identification:_identify(Model/0507_curve_rear_engine_car_new_protocal_local_angularV) by extension 'ros'
[0.392s] Level 1:colcon.colcon_core.package_identification:_identify(Model/0507_curve_rear_engine_car_new_protocal_local_angularV) by extensions ['cmake', 'python']
[0.392s] Level 1:colcon.colcon_core.package_identification:_identify(Model/0507_curve_rear_engine_car_new_protocal_local_angularV) by extension 'cmake'
[0.392s] Level 1:colcon.colcon_core.package_identification:_identify(Model/0507_curve_rear_engine_car_new_protocal_local_angularV) by extension 'python'
[0.392s] Level 1:colcon.colcon_core.package_identification:_identify(Model/0507_curve_rear_engine_car_new_protocal_local_angularV) by extensions ['python_setup_py']
[0.392s] Level 1:colcon.colcon_core.package_identification:_identify(Model/0507_curve_rear_engine_car_new_protocal_local_angularV) by extension 'python_setup_py'
[0.392s] Level 1:colcon.colcon_core.package_identification:_identify(Model/DDPG) by extensions ['ignore', 'ignore_ament_install']
[0.392s] Level 1:colcon.colcon_core.package_identification:_identify(Model/DDPG) by extension 'ignore'
[0.392s] Level 1:colcon.colcon_core.package_identification:_identify(Model/DDPG) by extension 'ignore_ament_install'
[0.392s] Level 1:colcon.colcon_core.package_identification:_identify(Model/DDPG) by extensions ['colcon_pkg']
[0.392s] Level 1:colcon.colcon_core.package_identification:_identify(Model/DDPG) by extension 'colcon_pkg'
[0.393s] Level 1:colcon.colcon_core.package_identification:_identify(Model/DDPG) by extensions ['colcon_meta']
[0.393s] Level 1:colcon.colcon_core.package_identification:_identify(Model/DDPG) by extension 'colcon_meta'
[0.393s] Level 1:colcon.colcon_core.package_identification:_identify(Model/DDPG) by extensions ['ros']
[0.393s] Level 1:colcon.colcon_core.package_identification:_identify(Model/DDPG) by extension 'ros'
[0.393s] Level 1:colcon.colcon_core.package_identification:_identify(Model/DDPG) by extensions ['cmake', 'python']
[0.393s] Level 1:colcon.colcon_core.package_identification:_identify(Model/DDPG) by extension 'cmake'
[0.393s] Level 1:colcon.colcon_core.package_identification:_identify(Model/DDPG) by extension 'python'
[0.393s] Level 1:colcon.colcon_core.package_identification:_identify(Model/DDPG) by extensions ['python_setup_py']
[0.393s] Level 1:colcon.colcon_core.package_identification:_identify(Model/DDPG) by extension 'python_setup_py'
[0.393s] Level 1:colcon.colcon_core.package_identification:_identify(Model/DDPG/0809_car) by extensions ['ignore', 'ignore_ament_install']
[0.393s] Level 1:colcon.colcon_core.package_identification:_identify(Model/DDPG/0809_car) by extension 'ignore'
[0.393s] Level 1:colcon.colcon_core.package_identification:_identify(Model/DDPG/0809_car) by extension 'ignore_ament_install'
[0.393s] Level 1:colcon.colcon_core.package_identification:_identify(Model/DDPG/0809_car) by extensions ['colcon_pkg']
[0.393s] Level 1:colcon.colcon_core.package_identification:_identify(Model/DDPG/0809_car) by extension 'colcon_pkg'
[0.393s] Level 1:colcon.colcon_core.package_identification:_identify(Model/DDPG/0809_car) by extensions ['colcon_meta']
[0.393s] Level 1:colcon.colcon_core.package_identification:_identify(Model/DDPG/0809_car) by extension 'colcon_meta'
[0.393s] Level 1:colcon.colcon_core.package_identification:_identify(Model/DDPG/0809_car) by extensions ['ros']
[0.393s] Level 1:colcon.colcon_core.package_identification:_identify(Model/DDPG/0809_car) by extension 'ros'
[0.393s] Level 1:colcon.colcon_core.package_identification:_identify(Model/DDPG/0809_car) by extensions ['cmake', 'python']
[0.393s] Level 1:colcon.colcon_core.package_identification:_identify(Model/DDPG/0809_car) by extension 'cmake'
[0.393s] Level 1:colcon.colcon_core.package_identification:_identify(Model/DDPG/0809_car) by extension 'python'
[0.393s] Level 1:colcon.colcon_core.package_identification:_identify(Model/DDPG/0809_car) by extensions ['python_setup_py']
[0.393s] Level 1:colcon.colcon_core.package_identification:_identify(Model/DDPG/0809_car) by extension 'python_setup_py'
[0.394s] Level 1:colcon.colcon_core.package_identification:_identify(Model/DDPG/0809_car/model) by extensions ['ignore', 'ignore_ament_install']
[0.394s] Level 1:colcon.colcon_core.package_identification:_identify(Model/DDPG/0809_car/model) by extension 'ignore'
[0.394s] Level 1:colcon.colcon_core.package_identification:_identify(Model/DDPG/0809_car/model) by extension 'ignore_ament_install'
[0.394s] Level 1:colcon.colcon_core.package_identification:_identify(Model/DDPG/0809_car/model) by extensions ['colcon_pkg']
[0.394s] Level 1:colcon.colcon_core.package_identification:_identify(Model/DDPG/0809_car/model) by extension 'colcon_pkg'
[0.394s] Level 1:colcon.colcon_core.package_identification:_identify(Model/DDPG/0809_car/model) by extensions ['colcon_meta']
[0.394s] Level 1:colcon.colcon_core.package_identification:_identify(Model/DDPG/0809_car/model) by extension 'colcon_meta'
[0.394s] Level 1:colcon.colcon_core.package_identification:_identify(Model/DDPG/0809_car/model) by extensions ['ros']
[0.394s] Level 1:colcon.colcon_core.package_identification:_identify(Model/DDPG/0809_car/model) by extension 'ros'
[0.394s] Level 1:colcon.colcon_core.package_identification:_identify(Model/DDPG/0809_car/model) by extensions ['cmake', 'python']
[0.394s] Level 1:colcon.colcon_core.package_identification:_identify(Model/DDPG/0809_car/model) by extension 'cmake'
[0.394s] Level 1:colcon.colcon_core.package_identification:_identify(Model/DDPG/0809_car/model) by extension 'python'
[0.394s] Level 1:colcon.colcon_core.package_identification:_identify(Model/DDPG/0809_car/model) by extensions ['python_setup_py']
[0.394s] Level 1:colcon.colcon_core.package_identification:_identify(Model/DDPG/0809_car/model) by extension 'python_setup_py'
[0.394s] Level 1:colcon.colcon_core.package_identification:_identify(__pycache__) by extensions ['ignore', 'ignore_ament_install']
[0.394s] Level 1:colcon.colcon_core.package_identification:_identify(__pycache__) by extension 'ignore'
[0.394s] Level 1:colcon.colcon_core.package_identification:_identify(__pycache__) by extension 'ignore_ament_install'
[0.394s] Level 1:colcon.colcon_core.package_identification:_identify(__pycache__) by extensions ['colcon_pkg']
[0.394s] Level 1:colcon.colcon_core.package_identification:_identify(__pycache__) by extension 'colcon_pkg'
[0.394s] Level 1:colcon.colcon_core.package_identification:_identify(__pycache__) by extensions ['colcon_meta']
[0.394s] Level 1:colcon.colcon_core.package_identification:_identify(__pycache__) by extension 'colcon_meta'
[0.395s] Level 1:colcon.colcon_core.package_identification:_identify(__pycache__) by extensions ['ros']
[0.395s] Level 1:colcon.colcon_core.package_identification:_identify(__pycache__) by extension 'ros'
[0.395s] Level 1:colcon.colcon_core.package_identification:_identify(__pycache__) by extensions ['cmake', 'python']
[0.395s] Level 1:colcon.colcon_core.package_identification:_identify(__pycache__) by extension 'cmake'
[0.395s] Level 1:colcon.colcon_core.package_identification:_identify(__pycache__) by extension 'python'
[0.395s] Level 1:colcon.colcon_core.package_identification:_identify(__pycache__) by extensions ['python_setup_py']
[0.395s] Level 1:colcon.colcon_core.package_identification:_identify(__pycache__) by extension 'python_setup_py'
[0.395s] Level 1:colcon.colcon_core.package_identification:_identify(build) by extensions ['ignore', 'ignore_ament_install']
[0.395s] Level 1:colcon.colcon_core.package_identification:_identify(build) by extension 'ignore'
[0.395s] Level 1:colcon.colcon_core.package_identification:_identify(build) ignored
[0.395s] Level 1:colcon.colcon_core.package_identification:_identify(install) by extensions ['ignore', 'ignore_ament_install']
[0.395s] Level 1:colcon.colcon_core.package_identification:_identify(install) by extension 'ignore'
[0.395s] Level 1:colcon.colcon_core.package_identification:_identify(install) ignored
[0.395s] Level 1:colcon.colcon_core.package_identification:_identify(log) by extensions ['ignore', 'ignore_ament_install']
[0.395s] Level 1:colcon.colcon_core.package_identification:_identify(log) by extension 'ignore'
[0.395s] Level 1:colcon.colcon_core.package_identification:_identify(log) ignored
[0.395s] Level 1:colcon.colcon_core.package_discovery:discover_packages(recursive) using defaults
[0.395s] Level 1:colcon.colcon_core.package_discovery:discover_packages(ignore) discover
[0.395s] Level 1:colcon.colcon_core.package_discovery:discover_packages(ignore) using defaults
[0.395s] Level 1:colcon.colcon_core.package_discovery:discover_packages(path) discover
[0.395s] Level 1:colcon.colcon_core.package_discovery:discover_packages(path) using defaults
[0.396s] WARNING:colcon.colcon_core.package_selection:ignoring unknown package 'template' in --packages-select
[0.415s] Level 1:colcon.colcon_core.package_discovery:discover_packages(prefix_path) check parameters
[0.415s] Level 1:colcon.colcon_core.package_discovery:discover_packages(prefix_path) discover
[0.424s] DEBUG:colcon.colcon_installed_package_information.package_discovery:Found 6 installed packages in /home/p76124207/Desktop/ros2_ws/install
[0.425s] DEBUG:colcon.colcon_installed_package_information.package_discovery:Found 279 installed packages in /opt/ros/humble
[0.426s] Level 1:colcon.colcon_core.package_discovery:discover_packages(prefix_path) using defaults
[0.481s] INFO:colcon.colcon_core.executor:Executing jobs using 'parallel' executor
[0.484s] DEBUG:colcon.colcon_parallel_executor.executor.parallel:run_until_complete
[0.484s] DEBUG:colcon.colcon_parallel_executor.executor.parallel:closing loop
[0.485s] DEBUG:colcon.colcon_parallel_executor.executor.parallel:loop closed
[0.485s] DEBUG:colcon.colcon_parallel_executor.executor.parallel:run_until_complete finished with '0'
[0.485s] DEBUG:colcon.colcon_core.event_reactor:joining thread
[0.493s] INFO:colcon.colcon_core.plugin_system:Skipping extension 'colcon_notification.desktop_notification.terminal_notifier': Not used on non-Darwin systems
[0.493s] INFO:colcon.colcon_core.plugin_system:Skipping extension 'colcon_notification.desktop_notification.win32': Not used on non-Windows systems
[0.493s] INFO:colcon.colcon_notification.desktop_notification:Sending desktop notification using 'notify2'
[0.558s] DEBUG:colcon.colcon_core.event_reactor:joined thread
[0.570s] INFO:colcon.colcon_core.plugin_system:Skipping extension 'colcon_core.shell.bat': Not used on non-Windows systems
[0.570s] INFO:colcon.colcon_core.shell:Creating prefix script '/home/p76124207/Desktop/1031/carAi_Ver_ros_pyTraining/install/local_setup.ps1'
[0.571s] INFO:colcon.colcon_core.shell:Creating prefix util module '/home/p76124207/Desktop/1031/carAi_Ver_ros_pyTraining/install/_local_setup_util_ps1.py'
[0.572s] INFO:colcon.colcon_core.shell:Creating prefix chain script '/home/p76124207/Desktop/1031/carAi_Ver_ros_pyTraining/install/setup.ps1'
[0.574s] INFO:colcon.colcon_core.shell:Creating prefix script '/home/p76124207/Desktop/1031/carAi_Ver_ros_pyTraining/install/local_setup.sh'
[0.575s] INFO:colcon.colcon_core.shell:Creating prefix util module '/home/p76124207/Desktop/1031/carAi_Ver_ros_pyTraining/install/_local_setup_util_sh.py'
[0.575s] INFO:colcon.colcon_core.shell:Creating prefix chain script '/home/p76124207/Desktop/1031/carAi_Ver_ros_pyTraining/install/setup.sh'
[0.577s] INFO:colcon.colcon_core.shell:Creating prefix script '/home/p76124207/Desktop/1031/carAi_Ver_ros_pyTraining/install/local_setup.bash'
[0.578s] INFO:colcon.colcon_core.shell:Creating prefix chain script '/home/p76124207/Desktop/1031/carAi_Ver_ros_pyTraining/install/setup.bash'
[0.579s] INFO:colcon.colcon_core.shell:Creating prefix script '/home/p76124207/Desktop/1031/carAi_Ver_ros_pyTraining/install/local_setup.zsh'
[0.580s] INFO:colcon.colcon_core.shell:Creating prefix chain script '/home/p76124207/Desktop/1031/carAi_Ver_ros_pyTraining/install/setup.zsh'
